fitchecker/build/app/intermediates/manifest_merge_blame_file/debug/processDebugMainManifest/manifest-merger-blame-debug-report.txt
1<?xml version="1.0" encoding="utf-8"?>
2<manifest xmlns:android="http://schemas.android.com/apk/res/android"
3    package="com.fitchecker.app"
4    android:versionCode="1"
5    android:versionName="1.0.0" >
6
7    <uses-sdk
8        android:minSdkVersion="24"
9        android:targetSdkVersion="36" />
10
11    <uses-permission android:name="android.permission.INTERNET" />
11-->src\main\AndroidManifest.xml:6:5-67
11-->src\main\AndroidManifest.xml:6:22-64
12    <uses-permission android:name="android.permission.CAMERA" />
12-->src\main\AndroidManifest.xml:7:5-65
12-->src\main\AndroidManifest.xml:7:22-62
13    <uses-permission android:name="android.permission.READ_EXTERNAL_STORAGE" />
13-->src\main\AndroidManifest.xml:8:5-80
13-->src\main\AndroidManifest.xml:8:22-77
14    <uses-permission android:name="android.permission.WRITE_EXTERNAL_STORAGE" />
14-->src\main\AndroidManifest.xml:9:5-81
14-->src\main\AndroidManifest.xml:9:22-78
15
16    <queries>
16-->src\main\AndroidManifest.xml:49:5-54:15
17        <intent>
17-->src\main\AndroidManifest.xml:50:9-53:18
18            <action android:name="android.intent.action.VIEW" />
18-->src\main\AndroidManifest.xml:51:13-65
18-->src\main\AndroidManifest.xml:51:21-62
19
20            <data android:scheme="https" />
20-->src\main\AndroidManifest.xml:52:13-44
20-->src\main\AndroidManifest.xml:52:19-41
21        </intent>
22    </queries>
23
24    <permission
24-->[androidx.core:core:1.18.0] AndroidManifest.xml:22:5-24:47
25        android:name="com.fitchecker.app.DYNAMIC_RECEIVER_NOT_EXPORTED_PERMISSION"
25-->[androidx.core:core:1.18.0] AndroidManifest.xml:23:9-81
26        android:protectionLevel="signature" />
26-->[androidx.core:core:1.18.0] AndroidManifest.xml:24:9-44
27
28    <uses-permission android:name="com.fitchecker.app.DYNAMIC_RECEIVER_NOT_EXPORTED_PERMISSION" />
28-->[androidx.core:core:1.18.0] AndroidManifest.xml:26:5-97
28-->[androidx.core:core:1.18.0] AndroidManifest.xml:26:22-94
29
30    <application
31        android:name="android.app.Application"
32        android:appComponentFactory="androidx.core.app.CoreComponentFactory"
32-->[androidx.core:core:1.18.0] AndroidManifest.xml:28:18-86
33        android:debuggable="true"
34        android:extractNativeLibs="false"
35        android:icon="@mipmap/ic_launcher"
36        android:label="Fit Checker"
37        android:usesCleartextTraffic="true" >
38        <activity
39            android:name="com.fitchecker.app.MainActivity"
40            android:configChanges="orientation|keyboardHidden|keyboard|screenSize|smallestScreenSize|locale|layoutDirection|fontScale|screenLayout|density|uiMode"
41            android:exported="true"
42            android:hardwareAccelerated="true"
43            android:launchMode="singleTop"
44            android:theme="@style/LaunchTheme"
45            android:windowSoftInputMode="adjustResize" >
46
47            <!-- Deep link for Supabase auth callback -->
48            <intent-filter>
49                <action android:name="android.intent.action.MAIN" />
50
51                <category android:name="android.intent.category.LAUNCHER" />
52            </intent-filter>
53            <intent-filter>
54                <action android:name="android.intent.action.VIEW" />
54-->src\main\AndroidManifest.xml:51:13-65
54-->src\main\AndroidManifest.xml:51:21-62
55
56                <category android:name="android.intent.category.DEFAULT" />
57                <category android:name="android.intent.category.BROWSABLE" />
58
59                <data android:scheme="io.supabase.fitchecker" />
59-->src\main\AndroidManifest.xml:52:13-44
59-->src\main\AndroidManifest.xml:52:19-41
60            </intent-filter>
61
62            <meta-data
63                android:name="io.flutter.embedding.android.NormalTheme"
64                android:resource="@style/NormalTheme" />
65        </activity>
66
67        <meta-data
68            android:name="flutterEmbedding"
69            android:value="2" />
70
71        <provider
71-->[:image_picker_android] AndroidManifest.xml:9:9-17:20
72            android:name="io.flutter.plugins.imagepicker.ImagePickerFileProvider"
72-->[:image_picker_android] AndroidManifest.xml:10:13-82
73            android:authorities="com.fitchecker.app.flutter.image_provider"
73-->[:image_picker_android] AndroidManifest.xml:11:13-74
74            android:exported="false"
74-->[:image_picker_android] AndroidManifest.xml:12:13-37
75            android:grantUriPermissions="true" >
75-->[:image_picker_android] AndroidManifest.xml:13:13-47
76            <meta-data
76-->[:image_picker_android] AndroidManifest.xml:14:13-16:75
77                android:name="android.support.FILE_PROVIDER_PATHS"
77-->[:image_picker_android] AndroidManifest.xml:15:17-67
78                android:resource="@xml/flutter_image_picker_file_paths" />
78-->[:image_picker_android] AndroidManifest.xml:16:17-72
79        </provider> <!-- Trigger Google Play services to install the backported photo picker module. -->
80        <service
80-->[:image_picker_android] AndroidManifest.xml:19:9-31:19
81            android:name="com.google.android.gms.metadata.ModuleDependencies"
81-->[:image_picker_android] AndroidManifest.xml:20:13-78
82            android:enabled="false"
82-->[:image_picker_android] AndroidManifest.xml:21:13-36
83            android:exported="false" >
83-->[:image_picker_android] AndroidManifest.xml:22:13-37
84            <intent-filter>
84-->[:image_picker_android] AndroidManifest.xml:24:13-26:29
85                <action android:name="com.google.android.gms.metadata.MODULE_DEPENDENCIES" />
85-->[:image_picker_android] AndroidManifest.xml:25:17-94
85-->[:image_picker_android] AndroidManifest.xml:25:25-91
86            </intent-filter>
87
88            <meta-data
88-->[:image_picker_android] AndroidManifest.xml:28:13-30:36
89                android:name="photopicker_activity:0:required"
89-->[:image_picker_android] AndroidManifest.xml:29:17-63
90                android:value="" />
90-->[:image_picker_android] AndroidManifest.xml:30:17-33
91        </service>
92
93        <activity
93-->[:url_launcher_android] AndroidManifest.xml:8:9-11:74
94            android:name="io.flutter.plugins.urllauncher.WebViewActivity"
94-->[:url_launcher_android] AndroidManifest.xml:9:13-74
95            android:exported="false"
95-->[:url_launcher_android] AndroidManifest.xml:10:13-37
96            android:theme="@android:style/Theme.NoTitleBar.Fullscreen" />
96-->[:url_launcher_android] AndroidManifest.xml:11:13-71
97
98        <uses-library
98-->[androidx.window:window:1.2.0] AndroidManifest.xml:23:9-25:40
99            android:name="androidx.window.extensions"
99-->[androidx.window:window:1.2.0] AndroidManifest.xml:24:13-54
100            android:required="false" />
100-->[androidx.window:window:1.2.0] AndroidManifest.xml:25:13-37
101        <uses-library
101-->[androidx.window:window:1.2.0] AndroidManifest.xml:26:9-28:40
102            android:name="androidx.window.sidecar"
102-->[androidx.window:window:1.2.0] AndroidManifest.xml:27:13-51
103            android:required="false" />
103-->[androidx.window:window:1.2.0] AndroidManifest.xml:28:13-37
104
105        <activity
105-->[com.google.android.gms:play-services-auth:21.0.0] AndroidManifest.xml:23:9-27:75
106            android:name="com.google.android.gms.auth.api.signin.internal.SignInHubActivity"
106-->[com.google.android.gms:play-services-auth:21.0.0] AndroidManifest.xml:24:13-93
107            android:excludeFromRecents="true"
107-->[com.google.android.gms:play-services-auth:21.0.0] AndroidManifest.xml:25:13-46
108            android:exported="false"
108-->[com.google.android.gms:play-services-auth:21.0.0] AndroidManifest.xml:26:13-37
109            android:theme="@android:style/Theme.Translucent.NoTitleBar" />
109-->[com.google.android.gms:play-services-auth:21.0.0] AndroidManifest.xml:27:13-72
110        <!--
111            Service handling Google Sign-In user revocation. For apps that do not integrate with
112            Google Sign-In, this service will never be started.
113        -->
114        <service
114-->[com.google.android.gms:play-services-auth:21.0.0] AndroidManifest.xml:33:9-37:51
115            android:name="com.google.android.gms.auth.api.signin.RevocationBoundService"
115-->[com.google.android.gms:play-services-auth:21.0.0] AndroidManifest.xml:34:13-89
116            android:exported="true"
116-->[com.google.android.gms:play-services-auth:21.0.0] AndroidManifest.xml:35:13-36
117            android:permission="com.google.android.gms.auth.api.signin.permission.REVOCATION_NOTIFICATION"
117-->[com.google.android.gms:play-services-auth:21.0.0] AndroidManifest.xml:36:13-107
118            android:visibleToInstantApps="true" />
118-->[com.google.android.gms:play-services-auth:21.0.0] AndroidManifest.xml:37:13-48
119
120        <activity
120-->[com.google.android.gms:play-services-base:18.0.1] AndroidManifest.xml:20:9-22:45
121            android:name="com.google.android.gms.common.api.GoogleApiActivity"
121-->[com.google.android.gms:play-services-base:18.0.1] AndroidManifest.xml:20:19-85
122            android:exported="false"
122-->[com.google.android.gms:play-services-base:18.0.1] AndroidManifest.xml:22:19-43
123            android:theme="@android:style/Theme.Translucent.NoTitleBar" />
123-->[com.google.android.gms:play-services-base:18.0.1] AndroidManifest.xml:21:19-78
124
125        <meta-data
125-->[com.google.android.gms:play-services-basement:18.2.0] AndroidManifest.xml:21:9-23:69
126            android:name="com.google.android.gms.version"
126-->[com.google.android.gms:play-services-basement:18.2.0] AndroidManifest.xml:22:13-58
127            android:value="@integer/google_play_services_version" />
127-->[com.google.android.gms:play-services-basement:18.2.0] AndroidManifest.xml:23:13-66
128
129        <provider
129-->[androidx.lifecycle:lifecycle-process:2.7.0] AndroidManifest.xml:24:9-32:20
130            android:name="androidx.startup.InitializationProvider"
130-->[androidx.lifecycle:lifecycle-process:2.7.0] AndroidManifest.xml:25:13-67
131            android:authorities="com.fitchecker.app.androidx-startup"
131-->[androidx.lifecycle:lifecycle-process:2.7.0] AndroidManifest.xml:26:13-68
132            android:exported="false" >
132-->[androidx.lifecycle:lifecycle-process:2.7.0] AndroidManifest.xml:27:13-37
133            <meta-data
133-->[androidx.lifecycle:lifecycle-process:2.7.0] AndroidManifest.xml:29:13-31:52
134                android:name="androidx.lifecycle.ProcessLifecycleInitializer"
134-->[androidx.lifecycle:lifecycle-process:2.7.0] AndroidManifest.xml:30:17-78
135                android:value="androidx.startup" />
135-->[androidx.lifecycle:lifecycle-process:2.7.0] AndroidManifest.xml:31:17-49
136            <meta-data
136-->[androidx.profileinstaller:profileinstaller:1.4.0] AndroidManifest.xml:29:13-31:52
137                android:name="androidx.profileinstaller.ProfileInstallerInitializer"
137-->[androidx.profileinstaller:profileinstaller:1.4.0] AndroidManifest.xml:30:17-85
138                android:value="androidx.startup" />
138-->[androidx.profileinstaller:profileinstaller:1.4.0] AndroidManifest.xml:31:17-49
139        </provider>
140
141        <receiver
141-->[androidx.profileinstaller:profileinstaller:1.4.0] AndroidManifest.xml:34:9-52:20
142            android:name="androidx.profileinstaller.ProfileInstallReceiver"
142-->[androidx.profileinstaller:profileinstaller:1.4.0] AndroidManifest.xml:35:13-76
143            android:directBootAware="false"
143-->[androidx.profileinstaller:profileinstaller:1.4.0] AndroidManifest.xml:36:13-44
144            android:enabled="true"
144-->[androidx.profileinstaller:profileinstaller:1.4.0] AndroidManifest.xml:37:13-35
145            android:exported="true"
145-->[androidx.profileinstaller:profileinstaller:1.4.0] AndroidManifest.xml:38:13-36
146            android:permission="android.permission.DUMP" >
146-->[androidx.profileinstaller:profileinstaller:1.4.0] AndroidManifest.xml:39:13-57
147            <intent-filter>
147-->[androidx.profileinstaller:profileinstaller:1.4.0] AndroidManifest.xml:40:13-42:29
148                <action android:name="androidx.profileinstaller.action.INSTALL_PROFILE" />
148-->[androidx.profileinstaller:profileinstaller:1.4.0] AndroidManifest.xml:41:17-91
148-->[androidx.profileinstaller:profileinstaller:1.4.0] AndroidManifest.xml:41:25-88
149            </intent-filter>
150            <intent-filter>
150-->[androidx.profileinstaller:profileinstaller:1.4.0] AndroidManifest.xml:43:13-45:29
151                <action android:name="androidx.profileinstaller.action.SKIP_FILE" />
151-->[androidx.profileinstaller:profileinstaller:1.4.0] AndroidManifest.xml:44:17-85
151-->[androidx.profileinstaller:profileinstaller:1.4.0] AndroidManifest.xml:44:25-82
152            </intent-filter>
153            <intent-filter>
153-->[androidx.profileinstaller:profileinstaller:1.4.0] AndroidManifest.xml:46:13-48:29
154                <action android:name="androidx.profileinstaller.action.SAVE_PROFILE" />
154-->[androidx.profileinstaller:profileinstaller:1.4.0] AndroidManifest.xml:47:17-88
154-->[androidx.profileinstaller:profileinstaller:1.4.0] AndroidManifest.xml:47:25-85
155            </intent-filter>
156            <intent-filter>
156-->[androidx.profileinstaller:profileinstaller:1.4.0] AndroidManifest.xml:49:13-51:29
157                <action android:name="androidx.profileinstaller.action.BENCHMARK_OPERATION" />
157-->[androidx.profileinstaller:profileinstaller:1.4.0] AndroidManifest.xml:50:17-95
157-->[androidx.profileinstaller:profileinstaller:1.4.0] AndroidManifest.xml:50:25-92
158            </intent-filter>
159        </receiver>
160    </application>
161
162</manifest>